<?xml version="1.0" encoding="UTF-8" ?>
<testsuite failures="1" time="0.002" errors="0" skipped="0" tests="1" name="io.github.tanxiaokai.test.MyBatisCacheSecondTest">
  <properties>
[...]
</properties>
  <testcase time="0.002" classname="io.github.tanxiaokai.test.MyBatisCacheSecondTest" name="io.github.tanxiaokai.test.MyBatisCacheSecondTest.testCache2">
    <failure type="java.lang.NullPointerException">java.lang.NullPointerException
	at io.github.tanxiaokai.test.MyBatisCacheSecondTest.testCache2(MyBatisCacheSecondTest.java:27)
</failure>
    <system-err>SLF4J: Failed to load class &quot;org.slf4j.impl.StaticLoggerBinder&quot;.
SLF4J: Defaulting to no-operation (NOP) logger implementation
SLF4J: See http://www.slf4j.org/codes.html#StaticLoggerBinder for further details.
</system-err>
  </testcase>
</testsuite>